<?xml version="1.0" encoding="UTF-8"?>
<Site BuildName="Win32-mingw32-make"
	BuildStamp="20240629-1049-Experimental"
	Name="DellG15"
	Generator="ctest-3.30.0-rc4"
	CompilerName="C:/msys64/ucrt64/bin/g++.exe"
	CompilerVersion="13.1.0"
	OSName="Windows"
	Hostname="DellG15"
	OSRelease=" Professional"
	OSVersion=" (Build 22631)"
	OSPlatform="AMD64"
	Is64Bits="1"
	VendorString="GenuineIntel"
	VendorID="Intel Corporation"
	FamilyID="6"
	ModelID="5"
	ProcessorCacheSize="-1"
	NumberOfLogicalCPU="16"
	NumberOfPhysicalCPU="8"
	TotalVirtualMemory="25374"
	TotalPhysicalMemory="16158"
	LogicalProcessorsPerPhysical="2"
	ProcessorClockFrequency="2208"
	>
	<Testing>
		<StartDateTime>Jun 29 13:29 Romance Daylight Time</StartDateTime>
		<StartTestTime>1719660558</StartTestTime>
		<TestList/>
		<EndDateTime>Jun 29 13:29 Romance Daylight Time</EndDateTime>
		<EndTestTime>1719660558</EndTestTime>
		<ElapsedMinutes>0</ElapsedMinutes>
	</Testing>
</Site>
